{
  "stats": {
    "suites": 1,
    "tests": 2,
    "passes": 2,
    "pending": 0,
    "failures": 0,
    "start": "2025-08-14T07:53:02.799Z",
    "end": "2025-08-14T07:53:18.040Z",
    "duration": 15241,
    "testsRegistered": 2,
    "passPercent": 100,
    "pendingPercent": 0,
    "other": 0,
    "hasOther": false,
    "skipped": 0,
    "hasSkipped": false
  },
  "results": [
    {
      "uuid": "ce1222bb-c11c-4f59-96b8-c7b0575c30c5",
      "title": "",
      "fullFile": "cypress/e2e/accountSummary.cy.js",
      "file": "cypress/e2e/accountSummary.cy.js",
      "beforeHooks": [],
      "afterHooks": [],
      "tests": [],
      "suites": [
        {
          "uuid": "2196ae33-84ea-4d04-a80f-1f6458ef9b4d",
          "title": "Account Summary - Parabank",
          "fullFile": "",
          "file": "",
          "beforeHooks": [],
          "afterHooks": [],
          "tests": [
            {
              "title": "displays account summary with balances",
              "fullTitle": "Account Summary - Parabank displays account summary with balances",
              "timedOut": null,
              "duration": 6009,
              "state": "passed",
              "speed": "medium",
              "pass": true,
              "fail": false,
              "pending": false,
              "context": null,
              "code": "// Click on \"Accounts Overview\"\ncy.contains('Accounts Overview').click();\n// Assert account table is visible\ncy.get('#accountTable').should('be.visible');\n// Check that at least one account row exists\ncy.get('#accountTable tbody tr').should('have.length.greaterThan', 0);\ncy.get('#accountTable tbody tr').each($row => {\n  const accountNumber = $row.find('td a').text();\n  const balance = $row.find('td').eq(1).text();\n  cy.log(`Account: ${accountNumber}, Balance: ${balance}`); //log acc no and balance\n});",
              "err": {},
              "uuid": "d4cb049b-54d0-4df6-acf0-0240a4dfdc64",
              "parentUUID": "2196ae33-84ea-4d04-a80f-1f6458ef9b4d",
              "isHook": false,
              "skipped": false
            },
            {
              "title": "navigates to account details from summary",
              "fullTitle": "Account Summary - Parabank navigates to account details from summary",
              "timedOut": null,
              "duration": 5863,
              "state": "passed",
              "speed": "medium",
              "pass": true,
              "fail": false,
              "pending": false,
              "context": null,
              "code": "cy.contains('Accounts Overview').click();\ncy.get('#accountTable tbody tr td a').first().click(); //click on first acc link \ncy.contains('Account Details').should('be.visible'); //transaction details visible\ncy.get('#transactionTable').should('exist');",
              "err": {},
              "uuid": "a8e92b06-1fc8-42b8-abf2-fb91ed4e4628",
              "parentUUID": "2196ae33-84ea-4d04-a80f-1f6458ef9b4d",
              "isHook": false,
              "skipped": false
            }
          ],
          "suites": [],
          "passes": [
            "d4cb049b-54d0-4df6-acf0-0240a4dfdc64",
            "a8e92b06-1fc8-42b8-abf2-fb91ed4e4628"
          ],
          "failures": [],
          "pending": [],
          "skipped": [],
          "duration": 11872,
          "root": false,
          "rootEmpty": false,
          "_timeout": 2000
        }
      ],
      "passes": [],
      "failures": [],
      "pending": [],
      "skipped": [],
      "duration": 0,
      "root": true,
      "rootEmpty": true,
      "_timeout": 2000
    }
  ],
  "meta": {
    "mocha": {
      "version": "7.2.0"
    },
    "mochawesome": {
      "options": {
        "quiet": false,
        "reportFilename": "mochawesome",
        "saveHtml": true,
        "saveJson": true,
        "consoleReporter": "spec",
        "useInlineDiffs": false,
        "code": true
      },
      "version": "7.1.3"
    },
    "marge": {
      "options": {
        "reportDir": "cypress/reports/mochawesome-report",
        "overwrite": false,
        "html": true,
        "json": true
      },
      "version": "6.2.0"
    }
  }
}